# JRE version: OpenJDK Runtime Environment Microsoft-9889599 (17.0.12+7) (build 17.0.12+7-LTS)
# Java VM: OpenJDK 64-Bit Server VM Microsoft-9889599 (17.0.12+7-LTS, mixed mode, sharing, tiered, compressed oops, compressed class ptrs, g1 gc, windows-amd64)
GC Precious Log:
 CPUs: 8 total, 8 available
 Memory: 7975M
 Large Page Support: Disabled
 NUMA Support: Disabled
 Compressed Oops: Enabled (32-bit)
 Heap Region Size: 1M
 Heap Min Capacity: 8M
 Heap Initial Capacity: 126M
 Heap Max Capacity: 2G
 Pre-touch: Disabled
 Parallel Workers: 8
 Concurrent Workers: 2
 Concurrent Refinement Workers: 8
 Periodic GC: Disabled
Heap:
 garbage-first heap   total 270336K, used 223457K [0x0000000080000000, 0x0000000100000000)
  region size 1024K, 5 young (5120K), 3 survivors (3072K)
 Metaspace       used 111758K, committed 113024K, reserved 557056K
  class space    used 15565K, committed 16192K, reserved 425984K
GC Heap History (20 events):
Event: 656.724 GC heap before
{Heap before GC invocations=63 (full 0):
 garbage-first heap   total 270336K, used 229166K [0x0000000080000000, 0x0000000100000000)
  region size 1024K, 30 young (30720K), 5 survivors (5120K)
 Metaspace       used 107084K, committed 108352K, reserved 557056K
  class space    used 14924K, committed 15488K, reserved 425984K
}
Event: 656.789 GC heap after
{Heap after GC invocations=64 (full 0):
 garbage-first heap   total 270336K, used 208201K [0x0000000080000000, 0x0000000100000000)
  region size 1024K, 4 young (4096K), 4 survivors (4096K)
 Metaspace       used 107084K, committed 108352K, reserved 557056K
  class space    used 14924K, committed 15488K, reserved 425984K
}
Event: 659.684 GC heap before
{Heap before GC invocations=64 (full 0):
 garbage-first heap   total 270336K, used 230729K [0x0000000080000000, 0x0000000100000000)
  region size 1024K, 27 young (27648K), 4 survivors (4096K)
 Metaspace       used 107086K, committed 108352K, reserved 557056K
  class space    used 14924K, committed 15488K, reserved 425984K
}
Event: 659.719 GC heap after
{Heap after GC invocations=65 (full 0):
 garbage-first heap   total 270336K, used 209068K [0x0000000080000000, 0x0000000100000000)
  region size 1024K, 4 young (4096K), 4 survivors (4096K)
 Metaspace       used 107086K, committed 108352K, reserved 557056K
  class space    used 14924K, committed 15488K, reserved 425984K
}
Event: 664.290 GC heap before
{Heap before GC invocations=65 (full 0):
 garbage-first heap   total 270336K, used 230572K [0x0000000080000000, 0x0000000100000000)
  region size 1024K, 26 young (26624K), 4 survivors (4096K)
 Metaspace       used 107086K, committed 108352K, reserved 557056K
  class space    used 14924K, committed 15488K, reserved 425984K
}
Event: 664.297 GC heap after
{Heap after GC invocations=66 (full 0):
 garbage-first heap   total 270336K, used 209453K [0x0000000080000000, 0x0000000100000000)
  region size 1024K, 3 young (3072K), 3 survivors (3072K)
 Metaspace       used 107086K, committed 108352K, reserved 557056K
  class space    used 14924K, committed 15488K, reserved 425984K
}
Event: 669.942 GC heap before
{Heap before GC invocations=66 (full 0):
 garbage-first heap   total 270336K, used 231981K [0x0000000080000000, 0x0000000100000000)
  region size 1024K, 26 young (26624K), 3 survivors (3072K)
 Metaspace       used 107086K, committed 108352K, reserved 557056K
  class space    used 14924K, committed 15488K, reserved 425984K
}
Event: 669.976 GC heap after
{Heap after GC invocations=67 (full 0):
 garbage-first heap   total 270336K, used 210049K [0x0000000080000000, 0x0000000100000000)
  region size 1024K, 4 young (4096K), 4 survivors (4096K)
 Metaspace       used 107086K, committed 108352K, reserved 557056K
  class space    used 14924K, committed 15488K, reserved 425984K
}
Event: 729.331 GC heap before
{Heap before GC invocations=67 (full 0):
 garbage-first heap   total 270336K, used 233601K [0x0000000080000000, 0x0000000100000000)
  region size 1024K, 26 young (26624K), 4 survivors (4096K)
 Metaspace       used 107262K, committed 108480K, reserved 557056K
  class space    used 14946K, committed 15488K, reserved 425984K
}
Event: 729.453 GC heap after
{Heap after GC invocations=68 (full 0):
 garbage-first heap   total 270336K, used 213815K [0x0000000080000000, 0x0000000100000000)
  region size 1024K, 4 young (4096K), 4 survivors (4096K)
 Metaspace       used 107262K, committed 108480K, reserved 557056K
  class space    used 14946K, committed 15488K, reserved 425984K
}
Event: 778.139 GC heap before
{Heap before GC invocations=68 (full 0):
 garbage-first heap   total 270336K, used 231223K [0x0000000080000000, 0x0000000100000000)
  region size 1024K, 22 young (22528K), 4 survivors (4096K)
 Metaspace       used 107686K, committed 108928K, reserved 557056K
  class space    used 14998K, committed 15552K, reserved 425984K
}
Event: 778.293 GC heap after
{Heap after GC invocations=69 (full 0):
 garbage-first heap   total 270336K, used 216185K [0x0000000080000000, 0x0000000100000000)
  region size 1024K, 3 young (3072K), 3 survivors (3072K)
 Metaspace       used 107686K, committed 108928K, reserved 557056K
  class space    used 14998K, committed 15552K, reserved 425984K
}
Event: 798.884 GC heap before
{Heap before GC invocations=69 (full 0):
 garbage-first heap   total 270336K, used 232569K [0x0000000080000000, 0x0000000100000000)
  region size 1024K, 19 young (19456K), 3 survivors (3072K)
 Metaspace       used 109039K, committed 110336K, reserved 557056K
  class space    used 15211K, committed 15808K, reserved 425984K
}
Event: 798.953 GC heap after
{Heap after GC invocations=70 (full 0):
 garbage-first heap   total 270336K, used 216656K [0x0000000080000000, 0x0000000100000000)
  region size 1024K, 1 young (1024K), 1 survivors (1024K)
 Metaspace       used 109039K, committed 110336K, reserved 557056K
  class space    used 15211K, committed 15808K, reserved 425984K
}
Event: 805.419 GC heap before
{Heap before GC invocations=70 (full 0):
 garbage-first heap   total 270336K, used 234064K [0x0000000080000000, 0x0000000100000000)
  region size 1024K, 18 young (18432K), 1 survivors (1024K)
 Metaspace       used 110268K, committed 111552K, reserved 557056K
  class space    used 15408K, committed 16000K, reserved 425984K
}
Event: 805.430 GC heap after
{Heap after GC invocations=71 (full 0):
 garbage-first heap   total 270336K, used 217193K [0x0000000080000000, 0x0000000100000000)
  region size 1024K, 2 young (2048K), 2 survivors (2048K)
 Metaspace       used 110268K, committed 111552K, reserved 557056K
  class space    used 15408K, committed 16000K, reserved 425984K
}
Event: 839.793 GC heap before
{Heap before GC invocations=71 (full 0):
 garbage-first heap   total 270336K, used 234601K [0x0000000080000000, 0x0000000100000000)
  region size 1024K, 19 young (19456K), 2 survivors (2048K)
 Metaspace       used 111563K, committed 112896K, reserved 557056K
  class space    used 15549K, committed 16192K, reserved 425984K
}
Event: 839.887 GC heap after
{Heap after GC invocations=72 (full 0):
 garbage-first heap   total 270336K, used 218898K [0x0000000080000000, 0x0000000100000000)
  region size 1024K, 3 young (3072K), 3 survivors (3072K)
 Metaspace       used 111563K, committed 112896K, reserved 557056K
  class space    used 15549K, committed 16192K, reserved 425984K
}
Event: 863.156 GC heap before
{Heap before GC invocations=72 (full 0):
 garbage-first heap   total 270336K, used 236306K [0x0000000080000000, 0x0000000100000000)
  region size 1024K, 20 young (20480K), 3 survivors (3072K)
 Metaspace       used 111733K, committed 113024K, reserved 557056K
  class space    used 15563K, committed 16192K, reserved 425984K
}
Event: 863.241 GC heap after
{Heap after GC invocations=73 (full 0):
 garbage-first heap   total 270336K, used 222433K [0x0000000080000000, 0x0000000100000000)
  region size 1024K, 3 young (3072K), 3 survivors (3072K)
 Metaspace       used 111733K, committed 113024K, reserved 557056K
  class space    used 15563K, committed 16192K, reserved 425984K
}

